2019-08-07 19:45:47.286  INFO 14020 --- [Thread-52] o.s.s.c.ThreadPoolTaskExecutor           : Shutting down ExecutorService 'applicationTaskExecutor'
2019-08-07 19:45:47.297  INFO 14020 --- [Thread-52] j.LocalContainerEntityManagerFactoryBean : Closing JPA EntityManagerFactory for persistence unit 'default'
2019-08-07 19:45:47.298  INFO 14020 --- [Thread-52] c.z.h.HikariDataSource                   : HikariPool-9 - Shutdown initiated...
2019-08-07 19:45:47.298  INFO 14020 --- [Thread-52] c.z.h.HikariDataSource                   : HikariPool-9 - Shutdown completed.
2019-08-07 19:45:48.101  INFO 14020 --- [restartedMain] c.i.p.ProjekatZaKrajApplication          : Starting ProjekatZaKrajApplication on DESKTOP-SUE0IVS with PID 14020 (started by draku in D:\Java kurs\backend\Projects\workspaceIKTPreobuka\projekat_za_kraj)
2019-08-07 19:45:48.101  INFO 14020 --- [restartedMain] c.i.p.ProjekatZaKrajApplication          : No active profile set, falling back to default profiles: default
2019-08-07 19:45:48.460  INFO 14020 --- [restartedMain] .s.d.r.c.RepositoryConfigurationDelegate : Bootstrapping Spring Data repositories in DEFAULT mode.
2019-08-07 19:45:48.539  INFO 14020 --- [restartedMain] .s.d.r.c.RepositoryConfigurationDelegate : Finished Spring Data repository scanning in 79ms. Found 16 repository interfaces.
2019-08-07 19:45:48.602  INFO 14020 --- [restartedMain] trationDelegate$BeanPostProcessorChecker : Bean 'org.springframework.transaction.annotation.ProxyTransactionManagementConfiguration' of type [org.springframework.transaction.annotation.ProxyTransactionManagementConfiguration$$EnhancerBySpringCGLIB$$b7895d2b] is not eligible for getting processed by all BeanPostProcessors (for example: not eligible for auto-proxying)
2019-08-07 19:45:48.602  INFO 14020 --- [restartedMain] trationDelegate$BeanPostProcessorChecker : Bean 'org.springframework.security.config.annotation.configuration.ObjectPostProcessorConfiguration' of type [org.springframework.security.config.annotation.configuration.ObjectPostProcessorConfiguration$$EnhancerBySpringCGLIB$$50372565] is not eligible for getting processed by all BeanPostProcessors (for example: not eligible for auto-proxying)
2019-08-07 19:45:48.602  INFO 14020 --- [restartedMain] trationDelegate$BeanPostProcessorChecker : Bean 'objectPostProcessor' of type [org.springframework.security.config.annotation.configuration.AutowireBeanFactoryObjectPostProcessor] is not eligible for getting processed by all BeanPostProcessors (for example: not eligible for auto-proxying)
2019-08-07 19:45:48.602  INFO 14020 --- [restartedMain] trationDelegate$BeanPostProcessorChecker : Bean 'org.springframework.security.access.expression.method.DefaultMethodSecurityExpressionHandler@dbfc152' of type [org.springframework.security.access.expression.method.DefaultMethodSecurityExpressionHandler] is not eligible for getting processed by all BeanPostProcessors (for example: not eligible for auto-proxying)
2019-08-07 19:45:48.617  INFO 14020 --- [restartedMain] trationDelegate$BeanPostProcessorChecker : Bean 'org.springframework.security.config.annotation.method.configuration.GlobalMethodSecurityConfiguration' of type [org.springframework.security.config.annotation.method.configuration.GlobalMethodSecurityConfiguration$$EnhancerBySpringCGLIB$$750bc817] is not eligible for getting processed by all BeanPostProcessors (for example: not eligible for auto-proxying)
2019-08-07 19:45:48.617  INFO 14020 --- [restartedMain] trationDelegate$BeanPostProcessorChecker : Bean 'methodSecurityMetadataSource' of type [org.springframework.security.access.method.DelegatingMethodSecurityMetadataSource] is not eligible for getting processed by all BeanPostProcessors (for example: not eligible for auto-proxying)
2019-08-07 19:45:48.773  INFO 14020 --- [restartedMain] o.s.b.w.e.t.TomcatWebServer              : Tomcat initialized with port(s): 8080 (http)
2019-08-07 19:45:48.773  INFO 14020 --- [restartedMain] o.a.c.c.StandardService                  : Starting service [Tomcat]
2019-08-07 19:45:48.773  INFO 14020 --- [restartedMain] o.a.c.c.StandardEngine                   : Starting Servlet engine: [Apache Tomcat/9.0.17]
2019-08-07 19:45:48.789  INFO 14020 --- [restartedMain] o.a.c.c.C.[.[.[/]                        : Initializing Spring embedded WebApplicationContext
2019-08-07 19:45:48.789  INFO 14020 --- [restartedMain] o.s.w.c.ContextLoader                    : Root WebApplicationContext: initialization completed in 672 ms
2019-08-07 19:45:48.867  INFO 14020 --- [restartedMain] c.z.h.HikariDataSource                   : HikariPool-10 - Starting...
2019-08-07 19:45:48.867  WARN 14020 --- [restartedMain] c.z.h.u.DriverDataSource                 : Registered driver with driverClassName=com.mysql.jdbc.Driver was not found, trying direct instantiation.
2019-08-07 19:45:48.867  INFO 14020 --- [restartedMain] c.z.h.HikariDataSource                   : HikariPool-10 - Start completed.
2019-08-07 19:46:03.364  INFO 14020 --- [restartedMain] j.LocalContainerEntityManagerFactoryBean : Initialized JPA EntityManagerFactory for persistence unit 'default'
2019-08-07 19:46:03.392  INFO 14020 --- [restartedMain] o.s.b.d.a.OptionalLiveReloadServer       : LiveReload server is running on port 35729
2019-08-07 19:46:03.894  INFO 14020 --- [restartedMain] o.s.s.w.DefaultSecurityFilterChain       : Creating filter chain: any request, [org.springframework.security.web.context.request.async.WebAsyncManagerIntegrationFilter@4dbca88d, org.springframework.security.web.context.SecurityContextPersistenceFilter@7a766331, org.springframework.security.web.header.HeaderWriterFilter@5cc8c38d, org.springframework.security.web.authentication.logout.LogoutFilter@7f95010c, org.springframework.security.web.authentication.www.BasicAuthenticationFilter@229270ca, org.springframework.security.web.savedrequest.RequestCacheAwareFilter@7d49cc86, org.springframework.security.web.servletapi.SecurityContextHolderAwareRequestFilter@6787bc09, org.springframework.security.web.authentication.AnonymousAuthenticationFilter@14838924, org.springframework.security.web.session.SessionManagementFilter@3ad44bce, org.springframework.security.web.access.ExceptionTranslationFilter@5bbb9061, org.springframework.security.web.access.intercept.FilterSecurityInterceptor@8da294f]
2019-08-07 19:46:03.956  INFO 14020 --- [restartedMain] o.s.s.c.ThreadPoolTaskExecutor           : Initializing ExecutorService 'applicationTaskExecutor'
2019-08-07 19:46:03.972  WARN 14020 --- [restartedMain] aWebConfiguration$JpaWebMvcConfiguration : spring.jpa.open-in-view is enabled by default. Therefore, database queries may be performed during view rendering. Explicitly configure spring.jpa.open-in-view to disable this warning
2019-08-07 19:46:04.159  INFO 14020 --- [restartedMain] o.s.b.w.e.t.TomcatWebServer              : Tomcat started on port(s): 8080 (http) with context path ''
2019-08-07 19:46:04.159  INFO 14020 --- [restartedMain] c.i.p.ProjekatZaKrajApplication          : Started ProjekatZaKrajApplication in 16.105 seconds (JVM running for 1496.014)
2019-08-07 19:46:04.175  INFO 14020 --- [restartedMain] .ConditionEvaluationDeltaLoggingListener : Condition evaluation unchanged
2019-08-07 19:46:09.541  INFO 14020 --- [http-nio-8080-exec-2] o.a.c.c.C.[.[.[/]                        : Initializing Spring DispatcherServlet 'dispatcherServlet'
2019-08-07 19:46:09.541  INFO 14020 --- [http-nio-8080-exec-2] o.s.w.s.DispatcherServlet                : Initializing Servlet 'dispatcherServlet'
2019-08-07 19:46:09.548  INFO 14020 --- [http-nio-8080-exec-2] o.s.w.s.DispatcherServlet                : Completed initialization in 7 ms
2019-08-07 19:57:38.984  INFO 14020 --- [Thread-58] o.s.s.c.ThreadPoolTaskExecutor           : Shutting down ExecutorService 'applicationTaskExecutor'
2019-08-07 19:57:38.994  INFO 14020 --- [Thread-58] j.LocalContainerEntityManagerFactoryBean : Closing JPA EntityManagerFactory for persistence unit 'default'
2019-08-07 19:57:38.994  INFO 14020 --- [Thread-58] c.z.h.HikariDataSource                   : HikariPool-10 - Shutdown initiated...
2019-08-07 19:57:39.010  INFO 14020 --- [Thread-58] c.z.h.HikariDataSource                   : HikariPool-10 - Shutdown completed.
2019-08-07 19:57:39.957  INFO 14020 --- [restartedMain] c.i.p.ProjekatZaKrajApplication          : Starting ProjekatZaKrajApplication on DESKTOP-SUE0IVS with PID 14020 (started by draku in D:\Java kurs\backend\Projects\workspaceIKTPreobuka\projekat_za_kraj)
2019-08-07 19:57:39.957  INFO 14020 --- [restartedMain] c.i.p.ProjekatZaKrajApplication          : No active profile set, falling back to default profiles: default
2019-08-07 19:57:40.363  INFO 14020 --- [restartedMain] .s.d.r.c.RepositoryConfigurationDelegate : Bootstrapping Spring Data repositories in DEFAULT mode.
2019-08-07 19:57:40.449  INFO 14020 --- [restartedMain] .s.d.r.c.RepositoryConfigurationDelegate : Finished Spring Data repository scanning in 79ms. Found 16 repository interfaces.
2019-08-07 19:57:40.511  INFO 14020 --- [restartedMain] trationDelegate$BeanPostProcessorChecker : Bean 'org.springframework.transaction.annotation.ProxyTransactionManagementConfiguration' of type [org.springframework.transaction.annotation.ProxyTransactionManagementConfiguration$$EnhancerBySpringCGLIB$$b7895d2b] is not eligible for getting processed by all BeanPostProcessors (for example: not eligible for auto-proxying)
2019-08-07 19:57:40.511  INFO 14020 --- [restartedMain] trationDelegate$BeanPostProcessorChecker : Bean 'org.springframework.security.config.annotation.configuration.ObjectPostProcessorConfiguration' of type [org.springframework.security.config.annotation.configuration.ObjectPostProcessorConfiguration$$EnhancerBySpringCGLIB$$50372565] is not eligible for getting processed by all BeanPostProcessors (for example: not eligible for auto-proxying)
2019-08-07 19:57:40.527  INFO 14020 --- [restartedMain] trationDelegate$BeanPostProcessorChecker : Bean 'objectPostProcessor' of type [org.springframework.security.config.annotation.configuration.AutowireBeanFactoryObjectPostProcessor] is not eligible for getting processed by all BeanPostProcessors (for example: not eligible for auto-proxying)
2019-08-07 19:57:40.528  INFO 14020 --- [restartedMain] trationDelegate$BeanPostProcessorChecker : Bean 'org.springframework.security.access.expression.method.DefaultMethodSecurityExpressionHandler@41add808' of type [org.springframework.security.access.expression.method.DefaultMethodSecurityExpressionHandler] is not eligible for getting processed by all BeanPostProcessors (for example: not eligible for auto-proxying)
2019-08-07 19:57:40.532  INFO 14020 --- [restartedMain] trationDelegate$BeanPostProcessorChecker : Bean 'org.springframework.security.config.annotation.method.configuration.GlobalMethodSecurityConfiguration' of type [org.springframework.security.config.annotation.method.configuration.GlobalMethodSecurityConfiguration$$EnhancerBySpringCGLIB$$750bc817] is not eligible for getting processed by all BeanPostProcessors (for example: not eligible for auto-proxying)
2019-08-07 19:57:40.533  INFO 14020 --- [restartedMain] trationDelegate$BeanPostProcessorChecker : Bean 'methodSecurityMetadataSource' of type [org.springframework.security.access.method.DelegatingMethodSecurityMetadataSource] is not eligible for getting processed by all BeanPostProcessors (for example: not eligible for auto-proxying)
2019-08-07 19:57:40.738  INFO 14020 --- [restartedMain] o.s.b.w.e.t.TomcatWebServer              : Tomcat initialized with port(s): 8080 (http)
2019-08-07 19:57:40.738  INFO 14020 --- [restartedMain] o.a.c.c.StandardService                  : Starting service [Tomcat]
2019-08-07 19:57:40.738  INFO 14020 --- [restartedMain] o.a.c.c.StandardEngine                   : Starting Servlet engine: [Apache Tomcat/9.0.17]
2019-08-07 19:57:40.770  INFO 14020 --- [restartedMain] o.a.c.c.C.[.[.[/]                        : Initializing Spring embedded WebApplicationContext
2019-08-07 19:57:40.770  INFO 14020 --- [restartedMain] o.s.w.c.ContextLoader                    : Root WebApplicationContext: initialization completed in 813 ms
2019-08-07 19:57:40.879  INFO 14020 --- [restartedMain] c.z.h.HikariDataSource                   : HikariPool-11 - Starting...
2019-08-07 19:57:40.879  WARN 14020 --- [restartedMain] c.z.h.u.DriverDataSource                 : Registered driver with driverClassName=com.mysql.jdbc.Driver was not found, trying direct instantiation.
2019-08-07 19:57:40.879  INFO 14020 --- [restartedMain] c.z.h.HikariDataSource                   : HikariPool-11 - Start completed.
2019-08-07 19:57:52.643  INFO 14020 --- [restartedMain] j.LocalContainerEntityManagerFactoryBean : Initialized JPA EntityManagerFactory for persistence unit 'default'
2019-08-07 19:57:52.674  INFO 14020 --- [restartedMain] o.s.b.d.a.OptionalLiveReloadServer       : LiveReload server is running on port 35729
2019-08-07 19:57:53.193  INFO 14020 --- [restartedMain] o.s.s.w.DefaultSecurityFilterChain       : Creating filter chain: any request, [org.springframework.security.web.context.request.async.WebAsyncManagerIntegrationFilter@3b8bb17e, org.springframework.security.web.context.SecurityContextPersistenceFilter@63a8a433, org.springframework.security.web.header.HeaderWriterFilter@56a3b34a, org.springframework.security.web.authentication.logout.LogoutFilter@602cf081, org.springframework.security.web.authentication.www.BasicAuthenticationFilter@40bc8dc2, org.springframework.security.web.savedrequest.RequestCacheAwareFilter@7996e2aa, org.springframework.security.web.servletapi.SecurityContextHolderAwareRequestFilter@32642731, org.springframework.security.web.authentication.AnonymousAuthenticationFilter@248a1bf8, org.springframework.security.web.session.SessionManagementFilter@49837337, org.springframework.security.web.access.ExceptionTranslationFilter@1d50ee92, org.springframework.security.web.access.intercept.FilterSecurityInterceptor@1c2fc0dd]
2019-08-07 19:57:53.286  INFO 14020 --- [restartedMain] o.s.s.c.ThreadPoolTaskExecutor           : Initializing ExecutorService 'applicationTaskExecutor'
2019-08-07 19:57:53.286  WARN 14020 --- [restartedMain] aWebConfiguration$JpaWebMvcConfiguration : spring.jpa.open-in-view is enabled by default. Therefore, database queries may be performed during view rendering. Explicitly configure spring.jpa.open-in-view to disable this warning
2019-08-07 19:57:53.489  INFO 14020 --- [restartedMain] o.s.b.w.e.t.TomcatWebServer              : Tomcat started on port(s): 8080 (http) with context path ''
2019-08-07 19:57:53.489  INFO 14020 --- [restartedMain] c.i.p.ProjekatZaKrajApplication          : Started ProjekatZaKrajApplication in 13.579 seconds (JVM running for 2205.337)
2019-08-07 19:57:53.489  INFO 14020 --- [restartedMain] .ConditionEvaluationDeltaLoggingListener : Condition evaluation unchanged
2019-08-07 19:59:00.808  INFO 14020 --- [Thread-64] o.s.s.c.ThreadPoolTaskExecutor           : Shutting down ExecutorService 'applicationTaskExecutor'
2019-08-07 19:59:00.817  INFO 14020 --- [Thread-64] j.LocalContainerEntityManagerFactoryBean : Closing JPA EntityManagerFactory for persistence unit 'default'
2019-08-07 19:59:00.818  INFO 14020 --- [Thread-64] c.z.h.HikariDataSource                   : HikariPool-11 - Shutdown initiated...
2019-08-07 19:59:00.833  INFO 14020 --- [Thread-64] c.z.h.HikariDataSource                   : HikariPool-11 - Shutdown completed.
2019-08-07 19:59:01.456  INFO 14020 --- [restartedMain] c.i.p.ProjekatZaKrajApplication          : Starting ProjekatZaKrajApplication on DESKTOP-SUE0IVS with PID 14020 (started by draku in D:\Java kurs\backend\Projects\workspaceIKTPreobuka\projekat_za_kraj)
2019-08-07 19:59:01.456  INFO 14020 --- [restartedMain] c.i.p.ProjekatZaKrajApplication          : No active profile set, falling back to default profiles: default
2019-08-07 19:59:01.847  INFO 14020 --- [restartedMain] .s.d.r.c.RepositoryConfigurationDelegate : Bootstrapping Spring Data repositories in DEFAULT mode.
2019-08-07 19:59:01.935  INFO 14020 --- [restartedMain] .s.d.r.c.RepositoryConfigurationDelegate : Finished Spring Data repository scanning in 88ms. Found 16 repository interfaces.
2019-08-07 19:59:02.029  INFO 14020 --- [restartedMain] trationDelegate$BeanPostProcessorChecker : Bean 'org.springframework.transaction.annotation.ProxyTransactionManagementConfiguration' of type [org.springframework.transaction.annotation.ProxyTransactionManagementConfiguration$$EnhancerBySpringCGLIB$$b7895d2b] is not eligible for getting processed by all BeanPostProcessors (for example: not eligible for auto-proxying)
2019-08-07 19:59:02.029  INFO 14020 --- [restartedMain] trationDelegate$BeanPostProcessorChecker : Bean 'org.springframework.security.config.annotation.configuration.ObjectPostProcessorConfiguration' of type [org.springframework.security.config.annotation.configuration.ObjectPostProcessorConfiguration$$EnhancerBySpringCGLIB$$50372565] is not eligible for getting processed by all BeanPostProcessors (for example: not eligible for auto-proxying)
2019-08-07 19:59:02.029  INFO 14020 --- [restartedMain] trationDelegate$BeanPostProcessorChecker : Bean 'objectPostProcessor' of type [org.springframework.security.config.annotation.configuration.AutowireBeanFactoryObjectPostProcessor] is not eligible for getting processed by all BeanPostProcessors (for example: not eligible for auto-proxying)
2019-08-07 19:59:02.029  INFO 14020 --- [restartedMain] trationDelegate$BeanPostProcessorChecker : Bean 'org.springframework.security.access.expression.method.DefaultMethodSecurityExpressionHandler@2f09005d' of type [org.springframework.security.access.expression.method.DefaultMethodSecurityExpressionHandler] is not eligible for getting processed by all BeanPostProcessors (for example: not eligible for auto-proxying)
2019-08-07 19:59:02.029  INFO 14020 --- [restartedMain] trationDelegate$BeanPostProcessorChecker : Bean 'org.springframework.security.config.annotation.method.configuration.GlobalMethodSecurityConfiguration' of type [org.springframework.security.config.annotation.method.configuration.GlobalMethodSecurityConfiguration$$EnhancerBySpringCGLIB$$750bc817] is not eligible for getting processed by all BeanPostProcessors (for example: not eligible for auto-proxying)
2019-08-07 19:59:02.029  INFO 14020 --- [restartedMain] trationDelegate$BeanPostProcessorChecker : Bean 'methodSecurityMetadataSource' of type [org.springframework.security.access.method.DelegatingMethodSecurityMetadataSource] is not eligible for getting processed by all BeanPostProcessors (for example: not eligible for auto-proxying)
2019-08-07 19:59:02.232  INFO 14020 --- [restartedMain] o.s.b.w.e.t.TomcatWebServer              : Tomcat initialized with port(s): 8080 (http)
2019-08-07 19:59:02.232  INFO 14020 --- [restartedMain] o.a.c.c.StandardService                  : Starting service [Tomcat]
2019-08-07 19:59:02.232  INFO 14020 --- [restartedMain] o.a.c.c.StandardEngine                   : Starting Servlet engine: [Apache Tomcat/9.0.17]
2019-08-07 19:59:02.247  INFO 14020 --- [restartedMain] o.a.c.c.C.[.[.[/]                        : Initializing Spring embedded WebApplicationContext
2019-08-07 19:59:02.247  INFO 14020 --- [restartedMain] o.s.w.c.ContextLoader                    : Root WebApplicationContext: initialization completed in 791 ms
2019-08-07 19:59:02.341  INFO 14020 --- [restartedMain] c.z.h.HikariDataSource                   : HikariPool-12 - Starting...
2019-08-07 19:59:02.341  WARN 14020 --- [restartedMain] c.z.h.u.DriverDataSource                 : Registered driver with driverClassName=com.mysql.jdbc.Driver was not found, trying direct instantiation.
2019-08-07 19:59:02.357  INFO 14020 --- [restartedMain] c.z.h.HikariDataSource                   : HikariPool-12 - Start completed.
2019-08-07 19:59:12.501  INFO 14020 --- [restartedMain] j.LocalContainerEntityManagerFactoryBean : Initialized JPA EntityManagerFactory for persistence unit 'default'
2019-08-07 19:59:12.527  INFO 14020 --- [restartedMain] o.s.b.d.a.OptionalLiveReloadServer       : LiveReload server is running on port 35729
2019-08-07 19:59:13.012  INFO 14020 --- [restartedMain] o.s.s.w.DefaultSecurityFilterChain       : Creating filter chain: any request, [org.springframework.security.web.context.request.async.WebAsyncManagerIntegrationFilter@5f5e550d, org.springframework.security.web.context.SecurityContextPersistenceFilter@755bef81, org.springframework.security.web.header.HeaderWriterFilter@63bd8d0b, org.springframework.security.web.authentication.logout.LogoutFilter@4ec00e5e, org.springframework.security.web.authentication.www.BasicAuthenticationFilter@7fd3f151, org.springframework.security.web.savedrequest.RequestCacheAwareFilter@1973a445, org.springframework.security.web.servletapi.SecurityContextHolderAwareRequestFilter@16a9a7b5, org.springframework.security.web.authentication.AnonymousAuthenticationFilter@5806c826, org.springframework.security.web.session.SessionManagementFilter@59603a24, org.springframework.security.web.access.ExceptionTranslationFilter@17cf716e, org.springframework.security.web.access.intercept.FilterSecurityInterceptor@752bdac3]
2019-08-07 19:59:13.090  INFO 14020 --- [restartedMain] o.s.s.c.ThreadPoolTaskExecutor           : Initializing ExecutorService 'applicationTaskExecutor'
2019-08-07 19:59:13.106  WARN 14020 --- [restartedMain] aWebConfiguration$JpaWebMvcConfiguration : spring.jpa.open-in-view is enabled by default. Therefore, database queries may be performed during view rendering. Explicitly configure spring.jpa.open-in-view to disable this warning
2019-08-07 19:59:13.262  INFO 14020 --- [restartedMain] o.s.b.w.e.t.TomcatWebServer              : Tomcat started on port(s): 8080 (http) with context path ''
2019-08-07 19:59:13.262  INFO 14020 --- [restartedMain] c.i.p.ProjekatZaKrajApplication          : Started ProjekatZaKrajApplication in 11.853 seconds (JVM running for 2285.118)
2019-08-07 19:59:13.278  INFO 14020 --- [restartedMain] .ConditionEvaluationDeltaLoggingListener : Condition evaluation unchanged
2019-08-07 19:59:21.882  INFO 14020 --- [Thread-70] o.s.s.c.ThreadPoolTaskExecutor           : Shutting down ExecutorService 'applicationTaskExecutor'
2019-08-07 19:59:21.893  INFO 14020 --- [Thread-70] j.LocalContainerEntityManagerFactoryBean : Closing JPA EntityManagerFactory for persistence unit 'default'
2019-08-07 19:59:21.893  INFO 14020 --- [Thread-70] c.z.h.HikariDataSource                   : HikariPool-12 - Shutdown initiated...
2019-08-07 19:59:21.893  INFO 14020 --- [Thread-70] c.z.h.HikariDataSource                   : HikariPool-12 - Shutdown completed.
2019-08-07 19:59:22.518  INFO 14020 --- [restartedMain] c.i.p.ProjekatZaKrajApplication          : Starting ProjekatZaKrajApplication on DESKTOP-SUE0IVS with PID 14020 (started by draku in D:\Java kurs\backend\Projects\workspaceIKTPreobuka\projekat_za_kraj)
2019-08-07 19:59:22.518  INFO 14020 --- [restartedMain] c.i.p.ProjekatZaKrajApplication          : No active profile set, falling back to default profiles: default
2019-08-07 19:59:22.885  INFO 14020 --- [restartedMain] .s.d.r.c.RepositoryConfigurationDelegate : Bootstrapping Spring Data repositories in DEFAULT mode.
2019-08-07 19:59:22.963  INFO 14020 --- [restartedMain] .s.d.r.c.RepositoryConfigurationDelegate : Finished Spring Data repository scanning in 78ms. Found 16 repository interfaces.
2019-08-07 19:59:23.026  INFO 14020 --- [restartedMain] trationDelegate$BeanPostProcessorChecker : Bean 'org.springframework.transaction.annotation.ProxyTransactionManagementConfiguration' of type [org.springframework.transaction.annotation.ProxyTransactionManagementConfiguration$$EnhancerBySpringCGLIB$$b7895d2b] is not eligible for getting processed by all BeanPostProcessors (for example: not eligible for auto-proxying)
2019-08-07 19:59:23.026  INFO 14020 --- [restartedMain] trationDelegate$BeanPostProcessorChecker : Bean 'org.springframework.security.config.annotation.configuration.ObjectPostProcessorConfiguration' of type [org.springframework.security.config.annotation.configuration.ObjectPostProcessorConfiguration$$EnhancerBySpringCGLIB$$50372565] is not eligible for getting processed by all BeanPostProcessors (for example: not eligible for auto-proxying)
2019-08-07 19:59:23.026  INFO 14020 --- [restartedMain] trationDelegate$BeanPostProcessorChecker : Bean 'objectPostProcessor' of type [org.springframework.security.config.annotation.configuration.AutowireBeanFactoryObjectPostProcessor] is not eligible for getting processed by all BeanPostProcessors (for example: not eligible for auto-proxying)
2019-08-07 19:59:23.026  INFO 14020 --- [restartedMain] trationDelegate$BeanPostProcessorChecker : Bean 'org.springframework.security.access.expression.method.DefaultMethodSecurityExpressionHandler@43e0d3df' of type [org.springframework.security.access.expression.method.DefaultMethodSecurityExpressionHandler] is not eligible for getting processed by all BeanPostProcessors (for example: not eligible for auto-proxying)
2019-08-07 19:59:23.026  INFO 14020 --- [restartedMain] trationDelegate$BeanPostProcessorChecker : Bean 'org.springframework.security.config.annotation.method.configuration.GlobalMethodSecurityConfiguration' of type [org.springframework.security.config.annotation.method.configuration.GlobalMethodSecurityConfiguration$$EnhancerBySpringCGLIB$$750bc817] is not eligible for getting processed by all BeanPostProcessors (for example: not eligible for auto-proxying)
2019-08-07 19:59:23.026  INFO 14020 --- [restartedMain] trationDelegate$BeanPostProcessorChecker : Bean 'methodSecurityMetadataSource' of type [org.springframework.security.access.method.DelegatingMethodSecurityMetadataSource] is not eligible for getting processed by all BeanPostProcessors (for example: not eligible for auto-proxying)
2019-08-07 19:59:23.213  INFO 14020 --- [restartedMain] o.s.b.w.e.t.TomcatWebServer              : Tomcat initialized with port(s): 8080 (http)
2019-08-07 19:59:23.229  INFO 14020 --- [restartedMain] o.a.c.c.StandardService                  : Starting service [Tomcat]
2019-08-07 19:59:23.229  INFO 14020 --- [restartedMain] o.a.c.c.StandardEngine                   : Starting Servlet engine: [Apache Tomcat/9.0.17]
2019-08-07 19:59:23.245  INFO 14020 --- [restartedMain] o.a.c.c.C.[.[.[/]                        : Initializing Spring embedded WebApplicationContext
2019-08-07 19:59:23.245  INFO 14020 --- [restartedMain] o.s.w.c.ContextLoader                    : Root WebApplicationContext: initialization completed in 727 ms
2019-08-07 19:59:23.338  INFO 14020 --- [restartedMain] c.z.h.HikariDataSource                   : HikariPool-13 - Starting...
2019-08-07 19:59:23.338  WARN 14020 --- [restartedMain] c.z.h.u.DriverDataSource                 : Registered driver with driverClassName=com.mysql.jdbc.Driver was not found, trying direct instantiation.
2019-08-07 19:59:23.354  INFO 14020 --- [restartedMain] c.z.h.HikariDataSource                   : HikariPool-13 - Start completed.
2019-08-07 19:59:34.688  INFO 14020 --- [restartedMain] j.LocalContainerEntityManagerFactoryBean : Initialized JPA EntityManagerFactory for persistence unit 'default'
2019-08-07 19:59:34.707  INFO 14020 --- [restartedMain] o.s.b.d.a.OptionalLiveReloadServer       : LiveReload server is running on port 35729
2019-08-07 19:59:35.176  INFO 14020 --- [restartedMain] o.s.s.w.DefaultSecurityFilterChain       : Creating filter chain: any request, [org.springframework.security.web.context.request.async.WebAsyncManagerIntegrationFilter@764fde07, org.springframework.security.web.context.SecurityContextPersistenceFilter@71805f1, org.springframework.security.web.header.HeaderWriterFilter@398f3c06, org.springframework.security.web.authentication.logout.LogoutFilter@301a6a64, org.springframework.security.web.authentication.www.BasicAuthenticationFilter@e4ac5fb, org.springframework.security.web.savedrequest.RequestCacheAwareFilter@7da93612, org.springframework.security.web.servletapi.SecurityContextHolderAwareRequestFilter@3d865aad, org.springframework.security.web.authentication.AnonymousAuthenticationFilter@62b508dd, org.springframework.security.web.session.SessionManagementFilter@37675edf, org.springframework.security.web.access.ExceptionTranslationFilter@3b082868, org.springframework.security.web.access.intercept.FilterSecurityInterceptor@2fb10418]
2019-08-07 19:59:35.254  INFO 14020 --- [restartedMain] o.s.s.c.ThreadPoolTaskExecutor           : Initializing ExecutorService 'applicationTaskExecutor'
2019-08-07 19:59:35.269  WARN 14020 --- [restartedMain] aWebConfiguration$JpaWebMvcConfiguration : spring.jpa.open-in-view is enabled by default. Therefore, database queries may be performed during view rendering. Explicitly configure spring.jpa.open-in-view to disable this warning
2019-08-07 19:59:35.457  INFO 14020 --- [restartedMain] o.s.b.w.e.t.TomcatWebServer              : Tomcat started on port(s): 8080 (http) with context path ''
2019-08-07 19:59:35.457  INFO 14020 --- [restartedMain] c.i.p.ProjekatZaKrajApplication          : Started ProjekatZaKrajApplication in 12.986 seconds (JVM running for 2307.305)
2019-08-07 19:59:35.457  INFO 14020 --- [restartedMain] .ConditionEvaluationDeltaLoggingListener : Condition evaluation unchanged
2019-08-07 19:59:47.444  INFO 14020 --- [http-nio-8080-exec-2] o.a.c.c.C.[.[.[/]                        : Initializing Spring DispatcherServlet 'dispatcherServlet'
2019-08-07 19:59:47.445  INFO 14020 --- [http-nio-8080-exec-2] o.s.w.s.DispatcherServlet                : Initializing Servlet 'dispatcherServlet'
2019-08-07 19:59:47.454  INFO 14020 --- [http-nio-8080-exec-2] o.s.w.s.DispatcherServlet                : Completed initialization in 9 ms
2019-08-07 20:02:57.720  INFO 14020 --- [Thread-76] o.s.s.c.ThreadPoolTaskExecutor           : Shutting down ExecutorService 'applicationTaskExecutor'
2019-08-07 20:02:57.724  INFO 14020 --- [Thread-76] j.LocalContainerEntityManagerFactoryBean : Closing JPA EntityManagerFactory for persistence unit 'default'
2019-08-07 20:02:57.724  INFO 14020 --- [Thread-76] c.z.h.HikariDataSource                   : HikariPool-13 - Shutdown initiated...
2019-08-07 20:02:57.740  INFO 14020 --- [Thread-76] c.z.h.HikariDataSource                   : HikariPool-13 - Shutdown completed.
2019-08-07 20:02:58.989  INFO 14020 --- [restartedMain] c.i.p.ProjekatZaKrajApplication          : Starting ProjekatZaKrajApplication on DESKTOP-SUE0IVS with PID 14020 (started by draku in D:\Java kurs\backend\Projects\workspaceIKTPreobuka\projekat_za_kraj)
2019-08-07 20:02:58.990  INFO 14020 --- [restartedMain] c.i.p.ProjekatZaKrajApplication          : No active profile set, falling back to default profiles: default
2019-08-07 20:02:59.564  INFO 14020 --- [restartedMain] .s.d.r.c.RepositoryConfigurationDelegate : Bootstrapping Spring Data repositories in DEFAULT mode.
2019-08-07 20:02:59.642  INFO 14020 --- [restartedMain] .s.d.r.c.RepositoryConfigurationDelegate : Finished Spring Data repository scanning in 78ms. Found 16 repository interfaces.
2019-08-07 20:02:59.721  INFO 14020 --- [restartedMain] trationDelegate$BeanPostProcessorChecker : Bean 'org.springframework.transaction.annotation.ProxyTransactionManagementConfiguration' of type [org.springframework.transaction.annotation.ProxyTransactionManagementConfiguration$$EnhancerBySpringCGLIB$$b7895d2b] is not eligible for getting processed by all BeanPostProcessors (for example: not eligible for auto-proxying)
2019-08-07 20:02:59.721  INFO 14020 --- [restartedMain] trationDelegate$BeanPostProcessorChecker : Bean 'org.springframework.security.config.annotation.configuration.ObjectPostProcessorConfiguration' of type [org.springframework.security.config.annotation.configuration.ObjectPostProcessorConfiguration$$EnhancerBySpringCGLIB$$50372565] is not eligible for getting processed by all BeanPostProcessors (for example: not eligible for auto-proxying)
2019-08-07 20:02:59.721  INFO 14020 --- [restartedMain] trationDelegate$BeanPostProcessorChecker : Bean 'objectPostProcessor' of type [org.springframework.security.config.annotation.configuration.AutowireBeanFactoryObjectPostProcessor] is not eligible for getting processed by all BeanPostProcessors (for example: not eligible for auto-proxying)
2019-08-07 20:02:59.721  INFO 14020 --- [restartedMain] trationDelegate$BeanPostProcessorChecker : Bean 'org.springframework.security.access.expression.method.DefaultMethodSecurityExpressionHandler@6576b6e8' of type [org.springframework.security.access.expression.method.DefaultMethodSecurityExpressionHandler] is not eligible for getting processed by all BeanPostProcessors (for example: not eligible for auto-proxying)
2019-08-07 20:02:59.721  INFO 14020 --- [restartedMain] trationDelegate$BeanPostProcessorChecker : Bean 'org.springframework.security.config.annotation.method.configuration.GlobalMethodSecurityConfiguration' of type [org.springframework.security.config.annotation.method.configuration.GlobalMethodSecurityConfiguration$$EnhancerBySpringCGLIB$$750bc817] is not eligible for getting processed by all BeanPostProcessors (for example: not eligible for auto-proxying)
2019-08-07 20:02:59.721  INFO 14020 --- [restartedMain] trationDelegate$BeanPostProcessorChecker : Bean 'methodSecurityMetadataSource' of type [org.springframework.security.access.method.DelegatingMethodSecurityMetadataSource] is not eligible for getting processed by all BeanPostProcessors (for example: not eligible for auto-proxying)
2019-08-07 20:02:59.924  INFO 14020 --- [restartedMain] o.s.b.w.e.t.TomcatWebServer              : Tomcat initialized with port(s): 8080 (http)
2019-08-07 20:02:59.924  INFO 14020 --- [restartedMain] o.a.c.c.StandardService                  : Starting service [Tomcat]
2019-08-07 20:02:59.924  INFO 14020 --- [restartedMain] o.a.c.c.StandardEngine                   : Starting Servlet engine: [Apache Tomcat/9.0.17]
2019-08-07 20:03:00.049  INFO 14020 --- [restartedMain] o.a.c.c.C.[.[.[/]                        : Initializing Spring embedded WebApplicationContext
2019-08-07 20:03:00.049  INFO 14020 --- [restartedMain] o.s.w.c.ContextLoader                    : Root WebApplicationContext: initialization completed in 1055 ms
2019-08-07 20:03:00.135  INFO 14020 --- [restartedMain] c.z.h.HikariDataSource                   : HikariPool-14 - Starting...
2019-08-07 20:03:00.135  WARN 14020 --- [restartedMain] c.z.h.u.DriverDataSource                 : Registered driver with driverClassName=com.mysql.jdbc.Driver was not found, trying direct instantiation.
2019-08-07 20:03:00.150  INFO 14020 --- [restartedMain] c.z.h.HikariDataSource                   : HikariPool-14 - Start completed.
2019-08-07 20:03:12.080  INFO 14020 --- [restartedMain] j.LocalContainerEntityManagerFactoryBean : Initialized JPA EntityManagerFactory for persistence unit 'default'
2019-08-07 20:03:12.104  INFO 14020 --- [restartedMain] o.s.b.d.a.OptionalLiveReloadServer       : LiveReload server is running on port 35729
2019-08-07 20:03:12.549  INFO 14020 --- [restartedMain] o.s.s.w.DefaultSecurityFilterChain       : Creating filter chain: any request, [org.springframework.security.web.context.request.async.WebAsyncManagerIntegrationFilter@264948a9, org.springframework.security.web.context.SecurityContextPersistenceFilter@52f37f45, org.springframework.security.web.header.HeaderWriterFilter@3c40c279, org.springframework.security.web.authentication.logout.LogoutFilter@6cbb79fd, org.springframework.security.web.authentication.www.BasicAuthenticationFilter@1ea43264, org.springframework.security.web.savedrequest.RequestCacheAwareFilter@1ad0684a, org.springframework.security.web.servletapi.SecurityContextHolderAwareRequestFilter@20b93263, org.springframework.security.web.authentication.AnonymousAuthenticationFilter@6f286791, org.springframework.security.web.session.SessionManagementFilter@7ac6c108, org.springframework.security.web.access.ExceptionTranslationFilter@1a1a4e27, org.springframework.security.web.access.intercept.FilterSecurityInterceptor@62f06cb8]
2019-08-07 20:03:12.643  INFO 14020 --- [restartedMain] o.s.s.c.ThreadPoolTaskExecutor           : Initializing ExecutorService 'applicationTaskExecutor'
2019-08-07 20:03:12.659  WARN 14020 --- [restartedMain] aWebConfiguration$JpaWebMvcConfiguration : spring.jpa.open-in-view is enabled by default. Therefore, database queries may be performed during view rendering. Explicitly configure spring.jpa.open-in-view to disable this warning
2019-08-07 20:03:12.831  INFO 14020 --- [restartedMain] o.s.b.w.e.t.TomcatWebServer              : Tomcat started on port(s): 8080 (http) with context path ''
2019-08-07 20:03:12.831  INFO 14020 --- [restartedMain] c.i.p.ProjekatZaKrajApplication          : Started ProjekatZaKrajApplication in 14.03 seconds (JVM running for 2524.679)
2019-08-07 20:03:12.831  INFO 14020 --- [restartedMain] .ConditionEvaluationDeltaLoggingListener : Condition evaluation unchanged
2019-08-07 20:03:27.915  INFO 14020 --- [http-nio-8080-exec-1] o.a.c.c.C.[.[.[/]                        : Initializing Spring DispatcherServlet 'dispatcherServlet'
2019-08-07 20:03:27.915  INFO 14020 --- [http-nio-8080-exec-1] o.s.w.s.DispatcherServlet                : Initializing Servlet 'dispatcherServlet'
2019-08-07 20:03:27.924  INFO 14020 --- [http-nio-8080-exec-1] o.s.w.s.DispatcherServlet                : Completed initialization in 9 ms
